<?xml version="1.0" encoding="UTF-8"?>
<!-- Generated by org.testng.reporters.JUnitXMLReporter -->
<testsuite hostname="DESKTOP-RC7254A" ignored="0" name="Test" tests="4" failures="1" timestamp="21 Feb 2018 10:55:22 GMT" time="71.812" errors="0">
  <testcase name="LoginPageTitleTest" time="0.021" classname="com.sample.testcases.LoginPageTest"/>
  <testcase name="SignUpPageTitleTest" time="0.002" classname="com.sample.testcases.SignUpPageTest">
    <failure type="java.lang.NullPointerException">
      <![CDATA[java.lang.NullPointerException
	at com.sample.testcases.SignUpPageTest.SignUpPageTitleTest(SignUpPageTest.java:36)
... Removed 25 stack frames]]>
    </failure>
  </testcase> <!-- SignUpPageTitleTest -->
  <testcase name="VerifyFacebookLogo" time="0.089" classname="com.sample.testcases.LoginPageTest"/>
  <testcase name="LoginFacebook" time="19.573" classname="com.sample.testcases.LoginPageTest"/>
</testsuite> <!-- Test -->
